<?xml version="1.0" encoding="UTF-8"?>
<testng-results ignored="0" total="2" passed="2" failed="0" skipped="0">
  <reporter-output>
  </reporter-output>
  <suite started-at="2023-01-09T19:57:57 IST" name="Default suite" finished-at="2023-01-09T19:59:49 IST" duration-ms="112572">
    <groups>
    </groups>
    <test started-at="2023-01-09T19:57:57 IST" name="Default test" finished-at="2023-01-09T19:59:49 IST" duration-ms="112572">
      <class name="com.app.tests.myTests">
        <test-method is-config="true" signature="setup()[pri:0, instance:com.app.tests.myTests@4bb33f74]" started-at="2023-01-09T19:57:57 IST" name="setup" finished-at="2023-01-09T19:58:03 IST" duration-ms="6034" status="PASS">
          <reporter-output>
          </reporter-output>
        </test-method> <!-- setup -->
        <test-method signature="AddItem()[pri:0, instance:com.app.tests.myTests@4bb33f74]" started-at="2023-01-09T19:58:03 IST" name="AddItem" finished-at="2023-01-09T19:59:08 IST" duration-ms="65180" status="PASS">
          <reporter-output>
          </reporter-output>
        </test-method> <!-- AddItem -->
        <test-method is-config="true" signature="setup()[pri:0, instance:com.app.tests.myTests@4bb33f74]" started-at="2023-01-09T19:59:08 IST" name="setup" finished-at="2023-01-09T19:59:12 IST" duration-ms="4371" status="PASS">
          <reporter-output>
          </reporter-output>
        </test-method> <!-- setup -->
        <test-method signature="verifyLogin()[pri:0, instance:com.app.tests.myTests@4bb33f74]" started-at="2023-01-09T19:59:12 IST" name="verifyLogin" finished-at="2023-01-09T19:59:49 IST" duration-ms="36955" status="PASS">
          <reporter-output>
          </reporter-output>
        </test-method> <!-- verifyLogin -->
      </class> <!-- com.app.tests.myTests -->
    </test> <!-- Default test -->
  </suite> <!-- Default suite -->
</testng-results>
